github.com/nobuenhombre/suikat/pkg/inslice/inslice.go:3.44,4.17 1 3
github.com/nobuenhombre/suikat/pkg/inslice/inslice.go:8.2,8.26 1 2
github.com/nobuenhombre/suikat/pkg/inslice/inslice.go:14.2,14.14 1 1
github.com/nobuenhombre/suikat/pkg/inslice/inslice.go:4.17,6.3 1 1
github.com/nobuenhombre/suikat/pkg/inslice/inslice.go:8.26,9.13 1 5
github.com/nobuenhombre/suikat/pkg/inslice/inslice.go:9.13,11.4 1 1
github.com/nobuenhombre/suikat/pkg/inslice/inslice.go:17.35,18.17 1 3
github.com/nobuenhombre/suikat/pkg/inslice/inslice.go:22.2,22.26 1 2
github.com/nobuenhombre/suikat/pkg/inslice/inslice.go:28.2,28.14 1 1
github.com/nobuenhombre/suikat/pkg/inslice/inslice.go:18.17,20.3 1 1
github.com/nobuenhombre/suikat/pkg/inslice/inslice.go:22.26,23.13 1 5
github.com/nobuenhombre/suikat/pkg/inslice/inslice.go:23.13,25.4 1 1
github.com/nobuenhombre/suikat/pkg/inslice/inslice.go:31.41,32.17 1 3
github.com/nobuenhombre/suikat/pkg/inslice/inslice.go:36.2,36.26 1 2
github.com/nobuenhombre/suikat/pkg/inslice/inslice.go:42.2,42.14 1 1
github.com/nobuenhombre/suikat/pkg/inslice/inslice.go:32.17,34.3 1 1
github.com/nobuenhombre/suikat/pkg/inslice/inslice.go:36.26,37.13 1 5
github.com/nobuenhombre/suikat/pkg/inslice/inslice.go:37.13,39.4 1 1
github.com/nobuenhombre/suikat/pkg/inslice/inslice.go:45.41,46.17 1 3
github.com/nobuenhombre/suikat/pkg/inslice/inslice.go:50.2,50.26 1 2
github.com/nobuenhombre/suikat/pkg/inslice/inslice.go:56.2,56.14 1 1
github.com/nobuenhombre/suikat/pkg/inslice/inslice.go:46.17,48.3 1 1
github.com/nobuenhombre/suikat/pkg/inslice/inslice.go:50.26,51.13 1 5
github.com/nobuenhombre/suikat/pkg/inslice/inslice.go:51.13,53.4 1 1
github.com/nobuenhombre/suikat/pkg/inslice/inslice.go:59.47,60.17 1 3
github.com/nobuenhombre/suikat/pkg/inslice/inslice.go:64.2,64.26 1 2
github.com/nobuenhombre/suikat/pkg/inslice/inslice.go:70.2,70.14 1 1
github.com/nobuenhombre/suikat/pkg/inslice/inslice.go:60.17,62.3 1 1
github.com/nobuenhombre/suikat/pkg/inslice/inslice.go:64.26,65.13 1 5
github.com/nobuenhombre/suikat/pkg/inslice/inslice.go:65.13,67.4 1 1
github.com/nobuenhombre/suikat/pkg/inslice/inslice.go:73.47,74.17 1 3
github.com/nobuenhombre/suikat/pkg/inslice/inslice.go:78.2,78.26 1 2
github.com/nobuenhombre/suikat/pkg/inslice/inslice.go:84.2,84.14 1 1
github.com/nobuenhombre/suikat/pkg/inslice/inslice.go:74.17,76.3 1 1
github.com/nobuenhombre/suikat/pkg/inslice/inslice.go:78.26,79.13 1 5
github.com/nobuenhombre/suikat/pkg/inslice/inslice.go:79.13,81.4 1 1
github.com/nobuenhombre/suikat/pkg/webula/webula.go:25.27,27.2 1 11
github.com/nobuenhombre/suikat/pkg/webula/webula.go:30.33,33.2 2 5
github.com/nobuenhombre/suikat/pkg/webula/webula.go:45.51,50.22 3 5
github.com/nobuenhombre/suikat/pkg/webula/webula.go:72.2,72.15 1 5
github.com/nobuenhombre/suikat/pkg/webula/webula.go:50.22,53.7 2 57
github.com/nobuenhombre/suikat/pkg/webula/webula.go:67.3,67.42 1 57
github.com/nobuenhombre/suikat/pkg/webula/webula.go:53.7,56.37 2 66
github.com/nobuenhombre/suikat/pkg/webula/webula.go:60.4,62.29 2 66
github.com/nobuenhombre/suikat/pkg/webula/webula.go:56.37,58.5 1 309
github.com/nobuenhombre/suikat/pkg/webula/webula.go:62.29,63.10 1 57
github.com/nobuenhombre/suikat/pkg/webula/webula.go:67.42,69.4 1 21
github.com/nobuenhombre/suikat/pkg/webula/webula.go:76.34,79.42 2 3
github.com/nobuenhombre/suikat/pkg/webula/webula.go:83.2,86.14 3 3
github.com/nobuenhombre/suikat/pkg/webula/webula.go:79.42,81.3 1 15
github.com/nobuenhombre/suikat/pkg/webula/webula.go:95.53,100.2 3 2
github.com/nobuenhombre/suikat/pkg/webula/webula.go:103.28,108.2 3 3
github.com/nobuenhombre/suikat/pkg/inslice/inslice.go:3.44,4.17 1 3
github.com/nobuenhombre/suikat/pkg/inslice/inslice.go:8.2,8.26 1 2
github.com/nobuenhombre/suikat/pkg/inslice/inslice.go:14.2,14.14 1 1
github.com/nobuenhombre/suikat/pkg/inslice/inslice.go:4.17,6.3 1 1
github.com/nobuenhombre/suikat/pkg/inslice/inslice.go:8.26,9.13 1 5
github.com/nobuenhombre/suikat/pkg/inslice/inslice.go:9.13,11.4 1 1
github.com/nobuenhombre/suikat/pkg/inslice/inslice.go:17.35,18.17 1 3
github.com/nobuenhombre/suikat/pkg/inslice/inslice.go:22.2,22.26 1 2
github.com/nobuenhombre/suikat/pkg/inslice/inslice.go:28.2,28.14 1 1
github.com/nobuenhombre/suikat/pkg/inslice/inslice.go:18.17,20.3 1 1
github.com/nobuenhombre/suikat/pkg/inslice/inslice.go:22.26,23.13 1 5
github.com/nobuenhombre/suikat/pkg/inslice/inslice.go:23.13,25.4 1 1
github.com/nobuenhombre/suikat/pkg/inslice/inslice.go:31.41,32.17 1 3
github.com/nobuenhombre/suikat/pkg/inslice/inslice.go:36.2,36.26 1 2
github.com/nobuenhombre/suikat/pkg/inslice/inslice.go:42.2,42.14 1 1
github.com/nobuenhombre/suikat/pkg/inslice/inslice.go:32.17,34.3 1 1
github.com/nobuenhombre/suikat/pkg/inslice/inslice.go:36.26,37.13 1 5
github.com/nobuenhombre/suikat/pkg/inslice/inslice.go:37.13,39.4 1 1
github.com/nobuenhombre/suikat/pkg/inslice/inslice.go:45.41,46.17 1 3
github.com/nobuenhombre/suikat/pkg/inslice/inslice.go:50.2,50.26 1 2
github.com/nobuenhombre/suikat/pkg/inslice/inslice.go:56.2,56.14 1 1
github.com/nobuenhombre/suikat/pkg/inslice/inslice.go:46.17,48.3 1 1
github.com/nobuenhombre/suikat/pkg/inslice/inslice.go:50.26,51.13 1 5
github.com/nobuenhombre/suikat/pkg/inslice/inslice.go:51.13,53.4 1 1
github.com/nobuenhombre/suikat/pkg/inslice/inslice.go:59.47,60.17 1 3
github.com/nobuenhombre/suikat/pkg/inslice/inslice.go:64.2,64.26 1 2
github.com/nobuenhombre/suikat/pkg/inslice/inslice.go:70.2,70.14 1 1
github.com/nobuenhombre/suikat/pkg/inslice/inslice.go:60.17,62.3 1 1
github.com/nobuenhombre/suikat/pkg/inslice/inslice.go:64.26,65.13 1 5
github.com/nobuenhombre/suikat/pkg/inslice/inslice.go:65.13,67.4 1 1
github.com/nobuenhombre/suikat/pkg/inslice/inslice.go:73.47,74.17 1 3
github.com/nobuenhombre/suikat/pkg/inslice/inslice.go:78.2,78.26 1 2
github.com/nobuenhombre/suikat/pkg/inslice/inslice.go:84.2,84.14 1 1
github.com/nobuenhombre/suikat/pkg/inslice/inslice.go:74.17,76.3 1 1
github.com/nobuenhombre/suikat/pkg/inslice/inslice.go:78.26,79.13 1 5
github.com/nobuenhombre/suikat/pkg/inslice/inslice.go:79.13,81.4 1 1
github.com/nobuenhombre/suikat/pkg/webula/webula.go:25.27,27.2 1 11
github.com/nobuenhombre/suikat/pkg/webula/webula.go:30.33,33.2 2 5
github.com/nobuenhombre/suikat/pkg/webula/webula.go:45.51,50.22 3 5
github.com/nobuenhombre/suikat/pkg/webula/webula.go:72.2,72.15 1 5
github.com/nobuenhombre/suikat/pkg/webula/webula.go:50.22,53.7 2 57
github.com/nobuenhombre/suikat/pkg/webula/webula.go:67.3,67.42 1 57
github.com/nobuenhombre/suikat/pkg/webula/webula.go:53.7,56.37 2 66
github.com/nobuenhombre/suikat/pkg/webula/webula.go:60.4,62.29 2 66
github.com/nobuenhombre/suikat/pkg/webula/webula.go:56.37,58.5 1 309
github.com/nobuenhombre/suikat/pkg/webula/webula.go:62.29,63.10 1 57
github.com/nobuenhombre/suikat/pkg/webula/webula.go:67.42,69.4 1 21
github.com/nobuenhombre/suikat/pkg/webula/webula.go:76.34,79.42 2 3
github.com/nobuenhombre/suikat/pkg/webula/webula.go:83.2,86.14 3 3
github.com/nobuenhombre/suikat/pkg/webula/webula.go:79.42,81.3 1 15
github.com/nobuenhombre/suikat/pkg/webula/webula.go:95.53,100.2 3 2
github.com/nobuenhombre/suikat/pkg/webula/webula.go:103.28,108.2 3 3
